#
# A fatal error has been detected by the Java Runtime Environment:
#
#  SIGSEGV (0xb) at pc=0x0000000102b88c09, pid=19952, tid=13059
#
# JRE version: Java(TM) SE Runtime Environment (10.0.1+10) (build 10.0.1+10)
# Java VM: Java HotSpot(TM) 64-Bit Server VM (10.0.1+10, mixed mode, tiered, compressed oops, g1 gc, bsd-amd64)
# Problematic frame:
# V  [libjvm.dylib+0x6cfc09]  _ZN17SignatureIterator6expectEc+0x11
#
# No core dump will be written. Core dumps have been disabled. To enable core dumping, try "ulimit -c unlimited" before starting Java again
#
# If you would like to submit a bug report, please visit:
#   http://bugreport.java.com/bugreport/crash.jsp
#

---------------  S U M M A R Y ------------

Command Line: -agentlib:jdwp=transport=dt_socket,address=127.0.0.1:62351,suspend=y,server=n -ea -Didea.test.cyclic.buffer.size=1048576 -javaagent:/Users/amycohen/Library/Caches/IdeaIC2018.1/captureAgent/debugger-agent.jar=file:/private/var/folders/9_/tvwv_dg11k54h93pwxlbk1fm0000gn/T/capture.props -Dfile.encoding=UTF-8 com.intellij.rt.execution.junit.JUnitStarter -ideVersion5 -junit5 ReverseArrayTest,reverseArrayTest

Host: MacBook10,1 x86_64 1200 MHz, 4 cores, 8G, Darwin 17.6.0
Time: Tue Jul 10 05:54:52 2018 PDT elapsed time: 4650 seconds (0d 1h 17m 30s)

---------------  T H R E A D  ---------------

Current thread (0x00007ffa4f804800):  VMThread "VM Thread" [stack: 0x0000700009d6f000,0x0000700009e6f000] [id=13059]

Stack: [0x0000700009d6f000,0x0000700009e6f000],  sp=0x0000700009e6e190,  free space=1020k
Native frames: (J=compiled Java code, A=aot compiled Java code, j=interpreted, Vv=VM code, C=native code)
V  [libjvm.dylib+0x6cfc09]  _ZN17SignatureIterator6expectEc+0x11
V  [libjvm.dylib+0x6d0183]  _ZN17SignatureIterator18iterate_returntypeEv+0x1f
V  [libjvm.dylib+0x382d95]  _ZN14GenerateOopMap9do_methodEiiii+0x7d
V  [libjvm.dylib+0x3816eb]  _ZN14GenerateOopMap9interp_bbEP10BasicBlock+0x105
V  [libjvm.dylib+0x381401]  _ZN14GenerateOopMap10interp_allEv+0x53
V  [libjvm.dylib+0x3810e7]  _ZN14GenerateOopMap17do_interpretationEv+0x4b
V  [libjvm.dylib+0x3835b1]  _ZN14GenerateOopMap11compute_mapEP6Thread+0x16b
V  [libjvm.dylib+0x62b7d8]  _ZN19OopMapForCacheEntry11compute_mapEP6Thread+0x60
V  [libjvm.dylib+0x62c0c4]  _ZN16OopMapCacheEntry4fillERK12methodHandlei+0xac
V  [libjvm.dylib+0x62ca8c]  _ZN11OopMapCache19compute_one_oop_mapERK12methodHandleiP17InterpreterOopMap+0x11a
V  [libjvm.dylib+0x5f1155]  _ZN6Method8mask_forEiP17InterpreterOopMap+0x7f
V  [libjvm.dylib+0x4dda69]  _ZN16VM_GetOrSetLocal4doitEv+0x47
V  [libjvm.dylib+0x7a38d9]  _ZN12VM_Operation8evaluateEv+0xf1
V  [libjvm.dylib+0x7a2dc2]  _ZN8VMThread18evaluate_operationEP12VM_Operation+0xd4
V  [libjvm.dylib+0x7a2a76]  _ZN8VMThread4loopEv+0x340
V  [libjvm.dylib+0x7a2649]  _ZN8VMThread3runEv+0x75
V  [libjvm.dylib+0x633a5f]  _ZL19thread_native_entryP6Thread+0x12b
C  [libsystem_pthread.dylib+0x3661]  _pthread_body+0x154
C  [libsystem_pthread.dylib+0x350d]  _pthread_body+0x0
C  [libsystem_pthread.dylib+0x2bf9]  thread_start+0xd


siginfo: si_signo: 11 (SIGSEGV), si_code: 1 (SEGV_MAPERR), si_addr: 0x0000000000000006

Register to memory mapping:

RAX=0x0000000000000000 is an unknown value
RBX=0x0000700009e6e1e0 is an unknown value
RCX=0x0000000000000000 is an unknown value
RDX=0x0000000000000000 is an unknown value
RSP=0x0000700009e6e190 is an unknown value
RBP=0x0000700009e6e1a0 is an unknown value
RSI=0x0000000000000028 is an unknown value
RDI=0x0000700009e6e1e0 is an unknown value
R8 =0x0000000000000000 is an unknown value
R9 =0x000000008fffffff is an unknown value
R10=0x00000000fffc0000 is an unknown value
R11=0xffffffffffffffd0 is an unknown value
R12=0x0000700009e6e1e0 is an unknown value
R13=0x0000700009e6e828 is an unknown value
R14=0x0000000000000001 is an unknown value
R15=0x0000000000000000 is an unknown value


Registers:
RAX=0x0000000000000000, RBX=0x0000700009e6e1e0, RCX=0x0000000000000000, RDX=0x0000000000000000
RSP=0x0000700009e6e190, RBP=0x0000700009e6e1a0, RSI=0x0000000000000028, RDI=0x0000700009e6e1e0
R8 =0x0000000000000000, R9 =0x000000008fffffff, R10=0x00000000fffc0000, R11=0xffffffffffffffd0
R12=0x0000700009e6e1e0, R13=0x0000700009e6e828, R14=0x0000000000000001, R15=0x0000000000000000
RIP=0x0000000102b88c09, EFLAGS=0x0000000000010202, ERR=0x0000000000000004
  TRAPNO=0x000000000000000e

Top of Stack: (sp=0x0000700009e6e190)
0x0000700009e6e190:   0000700009e6e620 0000700009e6e1e0
0x0000700009e6e1a0:   0000700009e6e1d0 0000000102b89183
0x0000700009e6e1b0:   0000700009e6e828 0000700009e6e1e0
0x0000700009e6e1c0:   0000000000000001 0000000000000000
0x0000700009e6e1d0:   0000700009e6e660 000000010283bd95
0x0000700009e6e1e0:   0000000102e15e40 0000000000000000
0x0000700009e6e1f0:   0000000000000000 0000000110e274e8
0x0000700009e6e200:   0000700009e6e620 0000000000000000
0x0000700009e6e210:   0000700009e6e220 4fffffff00000001
0x0000700009e6e220:   4fffffff4fffffff 4fffffff4fffffff
0x0000700009e6e230:   000000004fffffff 000000000000000c
0x0000700009e6e240:   000000000000002f 00007ffa510e7000
0x0000700009e6e250:   00007ffa4f414a90 00007ffa510e7034
0x0000700009e6e260:   0000700009e6e290 0000000102b88e15
0x0000700009e6e270:   0000000000000002 0000700009e6e2d0
0x0000700009e6e280:   0000700009e6e2d0 0000000102cebedc
0x0000700009e6e290:   0000000000000029 0000700009e6e2d0
0x0000700009e6e2a0:   0000700047000005 000000014fffffff
0x0000700009e6e2b0:   0000700009e6e2fc 000000004fffffff
0x0000700009e6e2c0:   0000700009e6e750 000000010283be98
0x0000700009e6e2d0:   0000000102e15e40 0000000110e274e8
0x0000700009e6e2e0:   0000000000000002 0000000000000004
0x0000700009e6e2f0:   0000700009e6e300 0000000000000001
0x0000700009e6e300:   4fffffff4fffffff 4fffffff4fffffff
0x0000700009e6e310:   000000004fffffff 0000000000000000
0x0000700009e6e320:   0000000000000000 0000000000000000
0x0000700009e6e330:   0000000000000000 0000000102cd0c84
0x0000700009e6e340:   0000000000000000 0000000000000000
0x0000700009e6e350:   000000000000002f 0000700009e6e910
0x0000700009e6e360:   ffffffffffffffff 0000000300000000
0x0000700009e6e370:   0000700009e6e44e 00007fff969d56b8
0x0000700009e6e380:   0000000000000000 0000000000580000 

Instructions: (pc=0x0000000102b88c09)
0x0000000102b88be9:   07 48 89 77 08 c7 47 14 00 00 00 00 5d c3 90 55
0x0000000102b88bf9:   48 89 e5 53 50 48 89 fb 48 8b 4b 08 48 63 43 10
0x0000000102b88c09:   0f b6 4c 01 06 40 0f b6 d6 39 d1 74 26 40 0f be
0x0000000102b88c19:   ce 48 8d 3d bb 32 16 00 48 8d 15 b8 33 16 00 be 

VM_Operation (0x000070000a7099e8): GetOrSetLocal, mode: safepoint, requested by thread 0x00007ffa5106d800


---------------  P R O C E S S  ---------------

Threads class SMR info:
_java_thread_list=0x00007ffa4f4246a0, length=13, elements={
0x00007ffa50806800, 0x00007ffa4f863000, 0x00007ffa51009800, 0x00007ffa4f856000,
0x00007ffa4f85b000, 0x00007ffa500a7800, 0x00007ffa5100e800, 0x00007ffa500aa800,
0x00007ffa5106d800, 0x00007ffa50856800, 0x00007ffa50018000, 0x00007ffa5090a000,
0x00007ffa510d6000
}

Java Threads: ( => current thread )
  0x00007ffa50806800 JavaThread "main" [_thread_blocked, id=9987, stack(0x0000000103259000,0x0000000103359000)]
  0x00007ffa4f863000 JavaThread "Reference Handler" daemon [_thread_blocked, id=13827, stack(0x0000700009e72000,0x0000700009f72000)]
  0x00007ffa51009800 JavaThread "Finalizer" daemon [_thread_blocked, id=14339, stack(0x0000700009f75000,0x000070000a075000)]
  0x00007ffa4f856000 JavaThread "Signal Dispatcher" daemon [_thread_blocked, id=22275, stack(0x000070000a0fb000,0x000070000a1fb000)]
  0x00007ffa4f85b000 JavaThread "C2 CompilerThread0" daemon [_thread_blocked, id=42499, stack(0x000070000a1fe000,0x000070000a2fe000)]
  0x00007ffa500a7800 JavaThread "C2 CompilerThread1" daemon [_thread_blocked, id=42243, stack(0x000070000a301000,0x000070000a401000)]
  0x00007ffa5100e800 JavaThread "C1 CompilerThread2" daemon [_thread_blocked, id=41731, stack(0x000070000a404000,0x000070000a504000)]
  0x00007ffa500aa800 JavaThread "Sweeper thread" daemon [_thread_blocked, id=41219, stack(0x000070000a507000,0x000070000a607000)]
  0x00007ffa5106d800 JavaThread "JDWP Transport Listener: dt_socket" daemon [_thread_blocked, id=40707, stack(0x000070000a60a000,0x000070000a70a000)] _threads_hazard_ptr=0x00007ffa4f4246a0
  0x00007ffa50856800 JavaThread "JDWP Event Helper Thread" daemon [_thread_blocked, id=40451, stack(0x000070000a70d000,0x000070000a80d000)]
  0x00007ffa50018000 JavaThread "JDWP Command Reader" daemon [_thread_in_native, id=39683, stack(0x000070000a810000,0x000070000a910000)]
  0x00007ffa5090a000 JavaThread "Common-Cleaner" daemon [_thread_blocked, id=25091, stack(0x000070000a913000,0x000070000aa13000)]
  0x00007ffa510d6000 JavaThread "Service Thread" daemon [_thread_blocked, id=38915, stack(0x000070000aa16000,0x000070000ab16000)]

Other Threads:
=>0x00007ffa4f804800 VMThread "VM Thread" [stack: 0x0000700009d6f000,0x0000700009e6f000] [id=13059]
  0x00007ffa508e8000 WatcherThread [stack: 0x000070000ab19000,0x000070000ac19000] [id=25603]
  0x00007ffa4f80c800 GCTaskThread "GC Thread#0" [stack: 0x000070000924e000,0x000070000934e000] [id=11011]
  0x00007ffa4f80d000 GCTaskThread "GC Thread#1" [stack: 0x0000700009351000,0x0000700009451000] [id=11523]
  0x00007ffa4f80e000 GCTaskThread "GC Thread#2" [stack: 0x0000700009454000,0x0000700009554000] [id=11779]
  0x00007ffa4f80e800 GCTaskThread "GC Thread#3" [stack: 0x0000700009557000,0x0000700009657000] [id=20483]
  0x00007ffa50838800 ConcurrentGCThread "G1 Main Marker" [stack: 0x000070000965a000,0x000070000975a000] [id=19971]
  0x00007ffa4f80f800 ConcurrentGCThread "G1 Conc#0" [stack: 0x000070000975d000,0x000070000985d000] [id=19203]
  0x00007ffa4f843000 ConcurrentGCThread "G1 Refine#0" [stack: 0x0000700009860000,0x0000700009960000] [id=18947]
  0x00007ffa50016800 ConcurrentGCThread "G1 Refine#1" [stack: 0x0000700009963000,0x0000700009a63000] [id=12547]
  0x00007ffa51000800 ConcurrentGCThread "G1 Refine#2" [stack: 0x0000700009a66000,0x0000700009b66000] [id=18179]
  0x00007ffa50017800 ConcurrentGCThread "G1 Refine#3" [stack: 0x0000700009b69000,0x0000700009c69000] [id=17667]
  0x00007ffa51001800 ConcurrentGCThread "G1 Young RemSet Sampling" [stack: 0x0000700009c6c000,0x0000700009d6c000] [id=17411]

Threads with active compile tasks:

VM state:at safepoint (normal execution)

VM Mutex/Monitor currently owned by a thread:  ([mutex/lock_event])
[0x00007ffa4f508d00] Threads_lock - owner thread: 0x00007ffa4f804800

Heap address: 0x0000000740000000, size: 2048 MB, Compressed Oops mode: Zero based, Oop shift amount: 3
Narrow klass base: 0x0000000000000000, Narrow klass shift: 3
Compressed class space size: 1073741824 Address: 0x00000007c0000000

Heap:
 garbage-first heap   total 131072K, used 11264K [0x0000000740000000, 0x00000007c0000000)
  region size 1024K, 12 young (12288K), 0 survivors (0K)
 Metaspace       used 9715K, capacity 10054K, committed 10368K, reserved 1058816K
  class space    used 953K, capacity 1065K, committed 1152K, reserved 1048576K
Heap Regions: E=young(eden), S=young(survivor), O=old, HS=humongous(starts), HC=humongous(continues), CS=collection set, F=free, A=archive, TS=gc time stamp, AC=allocation context, TAMS=top-at-mark-start (previous, next)
|   0|0x0000000740000000, 0x0000000740000000, 0x0000000740100000|  0%| F|  |TS  0|AC  0|TAMS 0x0000000740000000, 0x0000000740000000|
|   1|0x0000000740100000, 0x0000000740100000, 0x0000000740200000|  0%| F|  |TS  0|AC  0|TAMS 0x0000000740100000, 0x0000000740100000|
|   2|0x0000000740200000, 0x0000000740200000, 0x0000000740300000|  0%| F|  |TS  0|AC  0|TAMS 0x0000000740200000, 0x0000000740200000|
|   3|0x0000000740300000, 0x0000000740300000, 0x0000000740400000|  0%| F|  |TS  0|AC  0|TAMS 0x0000000740300000, 0x0000000740300000|
|   4|0x0000000740400000, 0x0000000740400000, 0x0000000740500000|  0%| F|  |TS  0|AC  0|TAMS 0x0000000740400000, 0x0000000740400000|
|   5|0x0000000740500000, 0x0000000740500000, 0x0000000740600000|  0%| F|  |TS  0|AC  0|TAMS 0x0000000740500000, 0x0000000740500000|
|   6|0x0000000740600000, 0x0000000740600000, 0x0000000740700000|  0%| F|  |TS  0|AC  0|TAMS 0x0000000740600000, 0x0000000740600000|
|   7|0x0000000740700000, 0x0000000740700000, 0x0000000740800000|  0%| F|  |TS  0|AC  0|TAMS 0x0000000740700000, 0x0000000740700000|
|   8|0x0000000740800000, 0x0000000740800000, 0x0000000740900000|  0%| F|  |TS  0|AC  0|TAMS 0x0000000740800000, 0x0000000740800000|
|   9|0x0000000740900000, 0x0000000740900000, 0x0000000740a00000|  0%| F|  |TS  0|AC  0|TAMS 0x0000000740900000, 0x0000000740900000|
|  10|0x0000000740a00000, 0x0000000740a00000, 0x0000000740b00000|  0%| F|  |TS  0|AC  0|TAMS 0x0000000740a00000, 0x0000000740a00000|
|  11|0x0000000740b00000, 0x0000000740b00000, 0x0000000740c00000|  0%| F|  |TS  0|AC  0|TAMS 0x0000000740b00000, 0x0000000740b00000|
|  12|0x0000000740c00000, 0x0000000740c00000, 0x0000000740d00000|  0%| F|  |TS  0|AC  0|TAMS 0x0000000740c00000, 0x0000000740c00000|
|  13|0x0000000740d00000, 0x0000000740d00000, 0x0000000740e00000|  0%| F|  |TS  0|AC  0|TAMS 0x0000000740d00000, 0x0000000740d00000|
|  14|0x0000000740e00000, 0x0000000740e00000, 0x0000000740f00000|  0%| F|  |TS  0|AC  0|TAMS 0x0000000740e00000, 0x0000000740e00000|
|  15|0x0000000740f00000, 0x0000000740f00000, 0x0000000741000000|  0%| F|  |TS  0|AC  0|TAMS 0x0000000740f00000, 0x0000000740f00000|
|  16|0x0000000741000000, 0x0000000741000000, 0x0000000741100000|  0%| F|  |TS  0|AC  0|TAMS 0x0000000741000000, 0x0000000741000000|
|  17|0x0000000741100000, 0x0000000741100000, 0x0000000741200000|  0%| F|  |TS  0|AC  0|TAMS 0x0000000741100000, 0x0000000741100000|
|  18|0x0000000741200000, 0x0000000741200000, 0x0000000741300000|  0%| F|  |TS  0|AC  0|TAMS 0x0000000741200000, 0x0000000741200000|
|  19|0x0000000741300000, 0x0000000741300000, 0x0000000741400000|  0%| F|  |TS  0|AC  0|TAMS 0x0000000741300000, 0x0000000741300000|
|  20|0x0000000741400000, 0x0000000741400000, 0x0000000741500000|  0%| F|  |TS  0|AC  0|TAMS 0x0000000741400000, 0x0000000741400000|
|  21|0x0000000741500000, 0x0000000741500000, 0x0000000741600000|  0%| F|  |TS  0|AC  0|TAMS 0x0000000741500000, 0x0000000741500000|
|  22|0x0000000741600000, 0x0000000741600000, 0x0000000741700000|  0%| F|  |TS  0|AC  0|TAMS 0x0000000741600000, 0x0000000741600000|
|  23|0x0000000741700000, 0x0000000741700000, 0x0000000741800000|  0%| F|  |TS  0|AC  0|TAMS 0x0000000741700000, 0x0000000741700000|
|  24|0x0000000741800000, 0x0000000741800000, 0x0000000741900000|  0%| F|  |TS  0|AC  0|TAMS 0x0000000741800000, 0x0000000741800000|
|  25|0x0000000741900000, 0x0000000741900000, 0x0000000741a00000|  0%| F|  |TS  0|AC  0|TAMS 0x0000000741900000, 0x0000000741900000|
|  26|0x0000000741a00000, 0x0000000741a00000, 0x0000000741b00000|  0%| F|  |TS  0|AC  0|TAMS 0x0000000741a00000, 0x0000000741a00000|
|  27|0x0000000741b00000, 0x0000000741b00000, 0x0000000741c00000|  0%| F|  |TS  0|AC  0|TAMS 0x0000000741b00000, 0x0000000741b00000|
|  28|0x0000000741c00000, 0x0000000741c00000, 0x0000000741d00000|  0%| F|  |TS  0|AC  0|TAMS 0x0000000741c00000, 0x0000000741c00000|
|  29|0x0000000741d00000, 0x0000000741d00000, 0x0000000741e00000|  0%| F|  |TS  0|AC  0|TAMS 0x0000000741d00000, 0x0000000741d00000|
|  30|0x0000000741e00000, 0x0000000741e00000, 0x0000000741f00000|  0%| F|  |TS  0|AC  0|TAMS 0x0000000741e00000, 0x0000000741e00000|
|  31|0x0000000741f00000, 0x0000000741f00000, 0x0000000742000000|  0%| F|  |TS  0|AC  0|TAMS 0x0000000741f00000, 0x0000000741f00000|
|  32|0x0000000742000000, 0x0000000742000000, 0x0000000742100000|  0%| F|  |TS  0|AC  0|TAMS 0x0000000742000000, 0x0000000742000000|
|  33|0x0000000742100000, 0x0000000742100000, 0x0000000742200000|  0%| F|  |TS  0|AC  0|TAMS 0x0000000742100000, 0x0000000742100000|
|  34|0x0000000742200000, 0x0000000742200000, 0x0000000742300000|  0%| F|  |TS  0|AC  0|TAMS 0x0000000742200000, 0x0000000742200000|
|  35|0x0000000742300000, 0x0000000742300000, 0x0000000742400000|  0%| F|  |TS  0|AC  0|TAMS 0x0000000742300000, 0x0000000742300000|
|  36|0x0000000742400000, 0x0000000742400000, 0x0000000742500000|  0%| F|  |TS  0|AC  0|TAMS 0x0000000742400000, 0x0000000742400000|
|  37|0x0000000742500000, 0x0000000742500000, 0x0000000742600000|  0%| F|  |TS  0|AC  0|TAMS 0x0000000742500000, 0x0000000742500000|
|  38|0x0000000742600000, 0x0000000742600000, 0x0000000742700000|  0%| F|  |TS  0|AC  0|TAMS 0x0000000742600000, 0x0000000742600000|
|  39|0x0000000742700000, 0x0000000742700000, 0x0000000742800000|  0%| F|  |TS  0|AC  0|TAMS 0x0000000742700000, 0x0000000742700000|
|  40|0x0000000742800000, 0x0000000742800000, 0x0000000742900000|  0%| F|  |TS  0|AC  0|TAMS 0x0000000742800000, 0x0000000742800000|
|  41|0x0000000742900000, 0x0000000742900000, 0x0000000742a00000|  0%| F|  |TS  0|AC  0|TAMS 0x0000000742900000, 0x0000000742900000|
|  42|0x0000000742a00000, 0x0000000742a00000, 0x0000000742b00000|  0%| F|  |TS  0|AC  0|TAMS 0x0000000742a00000, 0x0000000742a00000|
|  43|0x0000000742b00000, 0x0000000742b00000, 0x0000000742c00000|  0%| F|  |TS  0|AC  0|TAMS 0x0000000742b00000, 0x0000000742b00000|
|  44|0x0000000742c00000, 0x0000000742c00000, 0x0000000742d00000|  0%| F|  |TS  0|AC  0|TAMS 0x0000000742c00000, 0x0000000742c00000|
|  45|0x0000000742d00000, 0x0000000742d00000, 0x0000000742e00000|  0%| F|  |TS  0|AC  0|TAMS 0x0000000742d00000, 0x0000000742d00000|
|  46|0x0000000742e00000, 0x0000000742e00000, 0x0000000742f00000|  0%| F|  |TS  0|AC  0|TAMS 0x0000000742e00000, 0x0000000742e00000|
|  47|0x0000000742f00000, 0x0000000742f00000, 0x0000000743000000|  0%| F|  |TS  0|AC  0|TAMS 0x0000000742f00000, 0x0000000742f00000|
|  48|0x0000000743000000, 0x0000000743000000, 0x0000000743100000|  0%| F|  |TS  0|AC  0|TAMS 0x0000000743000000, 0x0000000743000000|
|  49|0x0000000743100000, 0x0000000743100000, 0x0000000743200000|  0%| F|  |TS  0|AC  0|TAMS 0x0000000743100000, 0x0000000743100000|
|  50|0x0000000743200000, 0x0000000743200000, 0x0000000743300000|  0%| F|  |TS  0|AC  0|TAMS 0x0000000743200000, 0x0000000743200000|
|  51|0x0000000743300000, 0x0000000743300000, 0x0000000743400000|  0%| F|  |TS  0|AC  0|TAMS 0x0000000743300000, 0x0000000743300000|
|  52|0x0000000743400000, 0x0000000743400000, 0x0000000743500000|  0%| F|  |TS  0|AC  0|TAMS 0x0000000743400000, 0x0000000743400000|
|  53|0x0000000743500000, 0x0000000743500000, 0x0000000743600000|  0%| F|  |TS  0|AC  0|TAMS 0x0000000743500000, 0x0000000743500000|
|  54|0x0000000743600000, 0x0000000743600000, 0x0000000743700000|  0%| F|  |TS  0|AC  0|TAMS 0x0000000743600000, 0x0000000743600000|
|  55|0x0000000743700000, 0x0000000743700000, 0x0000000743800000|  0%| F|  |TS  0|AC  0|TAMS 0x0000000743700000, 0x0000000743700000|
|  56|0x0000000743800000, 0x0000000743800000, 0x0000000743900000|  0%| F|  |TS  0|AC  0|TAMS 0x0000000743800000, 0x0000000743800000|
|  57|0x0000000743900000, 0x0000000743900000, 0x0000000743a00000|  0%| F|  |TS  0|AC  0|TAMS 0x0000000743900000, 0x0000000743900000|
|  58|0x0000000743a00000, 0x0000000743a00000, 0x0000000743b00000|  0%| F|  |TS  0|AC  0|TAMS 0x0000000743a00000, 0x0000000743a00000|
|  59|0x0000000743b00000, 0x0000000743b00000, 0x0000000743c00000|  0%| F|  |TS  0|AC  0|TAMS 0x0000000743b00000, 0x0000000743b00000|
|  60|0x0000000743c00000, 0x0000000743c00000, 0x0000000743d00000|  0%| F|  |TS  0|AC  0|TAMS 0x0000000743c00000, 0x0000000743c00000|
|  61|0x0000000743d00000, 0x0000000743d00000, 0x0000000743e00000|  0%| F|  |TS  0|AC  0|TAMS 0x0000000743d00000, 0x0000000743d00000|
|  62|0x0000000743e00000, 0x0000000743e00000, 0x0000000743f00000|  0%| F|  |TS  0|AC  0|TAMS 0x0000000743e00000, 0x0000000743e00000|
|  63|0x0000000743f00000, 0x0000000743f00000, 0x0000000744000000|  0%| F|  |TS  0|AC  0|TAMS 0x0000000743f00000, 0x0000000743f00000|
|  64|0x0000000744000000, 0x0000000744000000, 0x0000000744100000|  0%| F|  |TS  0|AC  0|TAMS 0x0000000744000000, 0x0000000744000000|
|  65|0x0000000744100000, 0x0000000744100000, 0x0000000744200000|  0%| F|  |TS  0|AC  0|TAMS 0x0000000744100000, 0x0000000744100000|
|  66|0x0000000744200000, 0x0000000744200000, 0x0000000744300000|  0%| F|  |TS  0|AC  0|TAMS 0x0000000744200000, 0x0000000744200000|
|  67|0x0000000744300000, 0x0000000744300000, 0x0000000744400000|  0%| F|  |TS  0|AC  0|TAMS 0x0000000744300000, 0x0000000744300000|
|  68|0x0000000744400000, 0x0000000744400000, 0x0000000744500000|  0%| F|  |TS  0|AC  0|TAMS 0x0000000744400000, 0x0000000744400000|
|  69|0x0000000744500000, 0x0000000744500000, 0x0000000744600000|  0%| F|  |TS  0|AC  0|TAMS 0x0000000744500000, 0x0000000744500000|
|  70|0x0000000744600000, 0x0000000744600000, 0x0000000744700000|  0%| F|  |TS  0|AC  0|TAMS 0x0000000744600000, 0x0000000744600000|
|  71|0x0000000744700000, 0x0000000744700000, 0x0000000744800000|  0%| F|  |TS  0|AC  0|TAMS 0x0000000744700000, 0x0000000744700000|
|  72|0x0000000744800000, 0x0000000744800000, 0x0000000744900000|  0%| F|  |TS  0|AC  0|TAMS 0x0000000744800000, 0x0000000744800000|
|  73|0x0000000744900000, 0x0000000744900000, 0x0000000744a00000|  0%| F|  |TS  0|AC  0|TAMS 0x0000000744900000, 0x0000000744900000|
|  74|0x0000000744a00000, 0x0000000744a00000, 0x0000000744b00000|  0%| F|  |TS  0|AC  0|TAMS 0x0000000744a00000, 0x0000000744a00000|
|  75|0x0000000744b00000, 0x0000000744b00000, 0x0000000744c00000|  0%| F|  |TS  0|AC  0|TAMS 0x0000000744b00000, 0x0000000744b00000|
|  76|0x0000000744c00000, 0x0000000744c00000, 0x0000000744d00000|  0%| F|  |TS  0|AC  0|TAMS 0x0000000744c00000, 0x0000000744c00000|
|  77|0x0000000744d00000, 0x0000000744d00000, 0x0000000744e00000|  0%| F|  |TS  0|AC  0|TAMS 0x0000000744d00000, 0x0000000744d00000|
|  78|0x0000000744e00000, 0x0000000744e00000, 0x0000000744f00000|  0%| F|  |TS  0|AC  0|TAMS 0x0000000744e00000, 0x0000000744e00000|
|  79|0x0000000744f00000, 0x0000000744f00000, 0x0000000745000000|  0%| F|  |TS  0|AC  0|TAMS 0x0000000744f00000, 0x0000000744f00000|
|  80|0x0000000745000000, 0x0000000745000000, 0x0000000745100000|  0%| F|  |TS  0|AC  0|TAMS 0x0000000745000000, 0x0000000745000000|
|  81|0x0000000745100000, 0x0000000745100000, 0x0000000745200000|  0%| F|  |TS  0|AC  0|TAMS 0x0000000745100000, 0x0000000745100000|
|  82|0x0000000745200000, 0x0000000745200000, 0x0000000745300000|  0%| F|  |TS  0|AC  0|TAMS 0x0000000745200000, 0x0000000745200000|
|  83|0x0000000745300000, 0x0000000745300000, 0x0000000745400000|  0%| F|  |TS  0|AC  0|TAMS 0x0000000745300000, 0x0000000745300000|
|  84|0x0000000745400000, 0x0000000745400000, 0x0000000745500000|  0%| F|  |TS  0|AC  0|TAMS 0x0000000745400000, 0x0000000745400000|
|  85|0x0000000745500000, 0x0000000745500000, 0x0000000745600000|  0%| F|  |TS  0|AC  0|TAMS 0x0000000745500000, 0x0000000745500000|
|  86|0x0000000745600000, 0x0000000745600000, 0x0000000745700000|  0%| F|  |TS  0|AC  0|TAMS 0x0000000745600000, 0x0000000745600000|
|  87|0x0000000745700000, 0x0000000745700000, 0x0000000745800000|  0%| F|  |TS  0|AC  0|TAMS 0x0000000745700000, 0x0000000745700000|
|  88|0x0000000745800000, 0x0000000745800000, 0x0000000745900000|  0%| F|  |TS  0|AC  0|TAMS 0x0000000745800000, 0x0000000745800000|
|  89|0x0000000745900000, 0x0000000745900000, 0x0000000745a00000|  0%| F|  |TS  0|AC  0|TAMS 0x0000000745900000, 0x0000000745900000|
|  90|0x0000000745a00000, 0x0000000745a00000, 0x0000000745b00000|  0%| F|  |TS  0|AC  0|TAMS 0x0000000745a00000, 0x0000000745a00000|
|  91|0x0000000745b00000, 0x0000000745b00000, 0x0000000745c00000|  0%| F|  |TS  0|AC  0|TAMS 0x0000000745b00000, 0x0000000745b00000|
|  92|0x0000000745c00000, 0x0000000745c00000, 0x0000000745d00000|  0%| F|  |TS  0|AC  0|TAMS 0x0000000745c00000, 0x0000000745c00000|
|  93|0x0000000745d00000, 0x0000000745d00000, 0x0000000745e00000|  0%| F|  |TS  0|AC  0|TAMS 0x0000000745d00000, 0x0000000745d00000|
|  94|0x0000000745e00000, 0x0000000745e00000, 0x0000000745f00000|  0%| F|  |TS  0|AC  0|TAMS 0x0000000745e00000, 0x0000000745e00000|
|  95|0x0000000745f00000, 0x0000000745f00000, 0x0000000746000000|  0%| F|  |TS  0|AC  0|TAMS 0x0000000745f00000, 0x0000000745f00000|
|  96|0x0000000746000000, 0x0000000746000000, 0x0000000746100000|  0%| F|  |TS  0|AC  0|TAMS 0x0000000746000000, 0x0000000746000000|
|  97|0x0000000746100000, 0x0000000746100000, 0x0000000746200000|  0%| F|  |TS  0|AC  0|TAMS 0x0000000746100000, 0x0000000746100000|
|  98|0x0000000746200000, 0x0000000746200000, 0x0000000746300000|  0%| F|  |TS  0|AC  0|TAMS 0x0000000746200000, 0x0000000746200000|
|  99|0x0000000746300000, 0x0000000746300000, 0x0000000746400000|  0%| F|  |TS  0|AC  0|TAMS 0x0000000746300000, 0x0000000746300000|
| 100|0x0000000746400000, 0x0000000746400000, 0x0000000746500000|  0%| F|  |TS  0|AC  0|TAMS 0x0000000746400000, 0x0000000746400000|
| 101|0x0000000746500000, 0x0000000746500000, 0x0000000746600000|  0%| F|  |TS  0|AC  0|TAMS 0x0000000746500000, 0x0000000746500000|
| 102|0x0000000746600000, 0x0000000746600000, 0x0000000746700000|  0%| F|  |TS  0|AC  0|TAMS 0x0000000746600000, 0x0000000746600000|
| 103|0x0000000746700000, 0x0000000746700000, 0x0000000746800000|  0%| F|  |TS  0|AC  0|TAMS 0x0000000746700000, 0x0000000746700000|
| 104|0x0000000746800000, 0x0000000746800000, 0x0000000746900000|  0%| F|  |TS  0|AC  0|TAMS 0x0000000746800000, 0x0000000746800000|
| 105|0x0000000746900000, 0x0000000746900000, 0x0000000746a00000|  0%| F|  |TS  0|AC  0|TAMS 0x0000000746900000, 0x0000000746900000|
| 106|0x0000000746a00000, 0x0000000746a00000, 0x0000000746b00000|  0%| F|  |TS  0|AC  0|TAMS 0x0000000746a00000, 0x0000000746a00000|
| 107|0x0000000746b00000, 0x0000000746b00000, 0x0000000746c00000|  0%| F|  |TS  0|AC  0|TAMS 0x0000000746b00000, 0x0000000746b00000|
| 108|0x0000000746c00000, 0x0000000746c00000, 0x0000000746d00000|  0%| F|  |TS  0|AC  0|TAMS 0x0000000746c00000, 0x0000000746c00000|
| 109|0x0000000746d00000, 0x0000000746d00000, 0x0000000746e00000|  0%| F|  |TS  0|AC  0|TAMS 0x0000000746d00000, 0x0000000746d00000|
| 110|0x0000000746e00000, 0x0000000746e00000, 0x0000000746f00000|  0%| F|  |TS  0|AC  0|TAMS 0x0000000746e00000, 0x0000000746e00000|
| 111|0x0000000746f00000, 0x0000000746f00000, 0x0000000747000000|  0%| F|  |TS  0|AC  0|TAMS 0x0000000746f00000, 0x0000000746f00000|
| 112|0x0000000747000000, 0x0000000747000000, 0x0000000747100000|  0%| F|  |TS  0|AC  0|TAMS 0x0000000747000000, 0x0000000747000000|
| 113|0x0000000747100000, 0x0000000747100000, 0x0000000747200000|  0%| F|  |TS  0|AC  0|TAMS 0x0000000747100000, 0x0000000747100000|
| 114|0x0000000747200000, 0x0000000747200000, 0x0000000747300000|  0%| F|  |TS  0|AC  0|TAMS 0x0000000747200000, 0x0000000747200000|
| 115|0x0000000747300000, 0x0000000747300000, 0x0000000747400000|  0%| F|  |TS  0|AC  0|TAMS 0x0000000747300000, 0x0000000747300000|
| 116|0x0000000747400000, 0x00000007474d79d8, 0x0000000747500000| 84%| E|  |TS  0|AC  0|TAMS 0x0000000747400000, 0x0000000747400000|
| 117|0x0000000747500000, 0x0000000747600000, 0x0000000747600000|100%| E|CS|TS  0|AC  0|TAMS 0x0000000747500000, 0x0000000747500000|
| 118|0x0000000747600000, 0x0000000747700000, 0x0000000747700000|100%| E|CS|TS  0|AC  0|TAMS 0x0000000747600000, 0x0000000747600000|
| 119|0x0000000747700000, 0x0000000747800000, 0x0000000747800000|100%| E|CS|TS  0|AC  0|TAMS 0x0000000747700000, 0x0000000747700000|
| 120|0x0000000747800000, 0x0000000747900000, 0x0000000747900000|100%| E|CS|TS  0|AC  0|TAMS 0x0000000747800000, 0x0000000747800000|
| 121|0x0000000747900000, 0x0000000747a00000, 0x0000000747a00000|100%| E|CS|TS  0|AC  0|TAMS 0x0000000747900000, 0x0000000747900000|
| 122|0x0000000747a00000, 0x0000000747b00000, 0x0000000747b00000|100%| E|CS|TS  0|AC  0|TAMS 0x0000000747a00000, 0x0000000747a00000|
| 123|0x0000000747b00000, 0x0000000747c00000, 0x0000000747c00000|100%| E|CS|TS  0|AC  0|TAMS 0x0000000747b00000, 0x0000000747b00000|
| 124|0x0000000747c00000, 0x0000000747d00000, 0x0000000747d00000|100%| E|CS|TS  0|AC  0|TAMS 0x0000000747c00000, 0x0000000747c00000|
| 125|0x0000000747d00000, 0x0000000747e00000, 0x0000000747e00000|100%| E|CS|TS  0|AC  0|TAMS 0x0000000747d00000, 0x0000000747d00000|
| 126|0x0000000747e00000, 0x0000000747f00000, 0x0000000747f00000|100%| E|CS|TS  0|AC  0|TAMS 0x0000000747e00000, 0x0000000747e00000|
| 127|0x0000000747f00000, 0x0000000748000000, 0x0000000748000000|100%| E|CS|TS  0|AC  0|TAMS 0x0000000747f00000, 0x0000000747f00000|

Card table byte_map: [0x000000010f95c000,0x000000010fd5c000] byte_map_base: 0x000000010bf5c000

Marking Bits (Prev, Next): (CMBitMap*) 0x00007ffa50838060, (CMBitMap*) 0x00007ffa50838098
 Prev Bits: [0x0000000120401000, 0x0000000122401000)
 Next Bits: [0x0000000122401000, 0x0000000124401000)

Polling page: 0x000000010339d000

CodeHeap 'non-profiled nmethods': size=120032Kb used=281Kb max_used=281Kb free=119750Kb
 bounds [0x0000000118ec9000, 0x0000000119139000, 0x0000000120401000]
CodeHeap 'profiled nmethods': size=120032Kb used=1395Kb max_used=1395Kb free=118636Kb
 bounds [0x0000000111991000, 0x0000000111c01000, 0x0000000118ec9000]
CodeHeap 'non-nmethods': size=5696Kb used=1108Kb max_used=1133Kb free=4587Kb
 bounds [0x0000000111401000, 0x0000000111671000, 0x0000000111991000]
 total_blobs=1362 nmethods=865 adapters=263
 compilation: enabled

Compilation events (10 events):
Event: 1.819 Thread 0x00007ffa5100e800  863       3       java.lang.invoke.TypeConvertingMethodAdapter::cast (42 bytes)
Event: 1.820 Thread 0x00007ffa5100e800 nmethod 863 0x0000000111aecb90 code [0x0000000111aecda0, 0x0000000111aed268]
Event: 1.829 Thread 0x00007ffa5100e800  864       3       java.lang.invoke.MethodHandles$Lookup::<init> (15 bytes)
Event: 1.839 Thread 0x00007ffa5100e800 nmethod 864 0x0000000111aed490 code [0x0000000111aed640, 0x0000000111aed850]
Event: 1.839 Thread 0x00007ffa5100e800  865       3       java.lang.invoke.MethodHandleNatives::findMethodHandleType (7 bytes)
Event: 1.840 Thread 0x00007ffa4f85b000 nmethod 857 0x0000000118f0bb10 code [0x0000000118f0bcc0, 0x0000000118f0c3d8]
Event: 1.840 Thread 0x00007ffa4f85b000  858       4       java.lang.AbstractStringBuilder::append (45 bytes)
Event: 1.844 Thread 0x00007ffa5100e800 nmethod 865 0x0000000111aed910 code [0x0000000111aedac0, 0x0000000111aedc48]
Event: 1.892 Thread 0x00007ffa4f85b000 nmethod 858 0x0000000118f0c810 code [0x0000000118f0c9c0, 0x0000000118f0d098]
Event: 2.070 Thread 0x00007ffa500a7800 nmethod 854 0x0000000118f0d490 code [0x0000000118f0d6c0, 0x0000000118f0edc8]

GC Heap History (0 events):
No events

Deoptimization events (6 events):
Event: 0.272 Thread 0x00007ffa50806800 Uncommon trap: reason=unstable_if action=reinterpret pc=0x0000000118ed0a80 method=java.util.AbstractCollection.isEmpty()Z @ 4 c2
Event: 0.297 Thread 0x00007ffa50806800 Uncommon trap: reason=unstable_if action=reinterpret pc=0x0000000118ed5e50 method=java.util.HashMap.putVal(ILjava/lang/Object;Ljava/lang/Object;ZZ)Ljava/lang/Object; @ 69 c2
Event: 0.377 Thread 0x00007ffa50806800 Uncommon trap: reason=unstable_if action=reinterpret pc=0x0000000118ecca04 method=java.lang.String.hashCode()I @ 14 c2
Event: 1.435 Thread 0x00007ffa50806800 Uncommon trap: reason=bimorphic_or_optimized_type_check action=maybe_recompile pc=0x0000000118ef5224 method=java.util.HashMap.getNode(ILjava/lang/Object;)Ljava/util/HashMap$Node; @ 126 c2
Event: 1.435 Thread 0x00007ffa50806800 Uncommon trap: reason=unstable_if action=reinterpret pc=0x0000000118ef51f4 method=java.util.HashMap.getNode(ILjava/lang/Object;)Ljava/util/HashMap$Node; @ 62 c2
Event: 1.510 Thread 0x00007ffa50806800 Uncommon trap: reason=unstable_if action=reinterpret pc=0x0000000118efc660 method=java.util.HashMap.getNode(ILjava/lang/Object;)Ljava/util/HashMap$Node; @ 129 c2

Classes redefined (10 events):
Event: 3361.971 Thread 0x00007ffa4f804800 redefined class name=ReverseArrayTest, count=6
Event: 3475.681 Thread 0x00007ffa4f804800 redefined class name=ReverseArrayTest, count=7
Event: 3492.219 Thread 0x00007ffa4f804800 redefined class name=ReverseArrayTest, count=8
Event: 3748.767 Thread 0x00007ffa4f804800 redefined class name=ReverseArrayTest, count=9
Event: 3874.069 Thread 0x00007ffa4f804800 redefined class name=ReverseArrayTest, count=10
Event: 3874.078 Thread 0x00007ffa4f804800 redefined class name=ReverseArray, count=6
Event: 4040.861 Thread 0x00007ffa4f804800 redefined class name=ReverseArray, count=7
Event: 4180.871 Thread 0x00007ffa4f804800 redefined class name=ReverseArray, count=8
Event: 4548.005 Thread 0x00007ffa4f804800 redefined class name=ReverseArrayTest, count=11
Event: 4592.006 Thread 0x00007ffa4f804800 redefined class name=ReverseArrayTest, count=12

Internal exceptions (10 events):
Event: 1.377 Thread 0x00007ffa50806800 Exception <a 'java/lang/NoSuchMethodError'{0x00000007477344c8}: java.lang.invoke.DirectMethodHandle$Holder.invokeStaticInit(Ljava/lang/Object;Ljava/lang/Object;)I> (0x00000007477344c8) thrown at [/scratch/mesos/slaves/555f5737-a945-4eb0-8d30-afb1fc816afd-
Event: 1.418 Thread 0x00007ffa50806800 Exception <a 'java/lang/NoSuchMethodError'{0x00000007477a7f70}: java.lang.Object.of([Ljava/lang/Object;)Ljava/util/stream/Stream;> (0x00000007477a7f70) thrown at [/scratch/mesos/slaves/555f5737-a945-4eb0-8d30-afb1fc816afd-S70/frameworks/1735e8a2-a1db-478c
Event: 1.550 Thread 0x00007ffa50806800 Exception <a 'java/lang/NoSuchMethodError'{0x000000074765ae18}: java.lang.invoke.DirectMethodHandle$Holder.invokeInterface(Ljava/lang/Object;Ljava/lang/Object;)V> (0x000000074765ae18) thrown at [/scratch/mesos/slaves/555f5737-a945-4eb0-8d30-afb1fc816afd-S
Event: 1.553 Thread 0x00007ffa50806800 Exception <a 'java/lang/IncompatibleClassChangeError'{0x000000074765dad8}: Found class java.lang.Object, but interface was expected> (0x000000074765dad8) thrown at [/scratch/mesos/slaves/555f5737-a945-4eb0-8d30-afb1fc816afd-S70/frameworks/1735e8a2-a1db-47
Event: 1.555 Thread 0x00007ffa50806800 Exception <a 'java/lang/NoSuchMethodError'{0x0000000747661fa0}: java.lang.Object.lambda$accept$0(Lorg/junit/platform/engine/TestDescriptor$Visitor;Lorg/junit/platform/engine/TestDescriptor;)V> (0x0000000747661fa0) thrown at [/scratch/mesos/slaves/555f5737
Event: 1.556 Thread 0x00007ffa50806800 Exception <a 'java/lang/NoSuchMethodError'{0x0000000747668648}: java.lang.Object.containsTests(Lorg/junit/platform/engine/TestDescriptor;)Z> (0x0000000747668648) thrown at [/scratch/mesos/slaves/555f5737-a945-4eb0-8d30-afb1fc816afd-S70/frameworks/1735e8a2
Event: 1.559 Thread 0x00007ffa50806800 Exception <a 'java/lang/NoSuchMethodError'{0x00000007476797a8}: java.lang.invoke.DirectMethodHandle$Holder.invokeSpecial(Ljava/lang/Object;Ljava/lang/Object;Ljava/lang/Object;Ljava/lang/Object;)V> (0x00000007476797a8) thrown at [/scratch/mesos/slaves/555f
Event: 1.698 Thread 0x00007ffa50806800 Exception <a 'java/lang/NoSuchMethodError'{0x00000007475aca38}: method resolution failed> (0x00000007475aca38) thrown at [/scratch/mesos/slaves/555f5737-a945-4eb0-8d30-afb1fc816afd-S70/frameworks/1735e8a2-a1db-478c-8104-60c8b0af87dd-0196/executors/5e9592f
Event: 1.745 Thread 0x00007ffa50806800 Exception <a 'java/lang/NoSuchMethodError'{0x00000007475fc7b0}: java.lang.Object.lambda$andThen$1(Ljava/util/function/Function;Ljava/lang/Object;)Ljava/lang/Object;> (0x00000007475fc7b0) thrown at [/scratch/mesos/slaves/555f5737-a945-4eb0-8d30-afb1fc816af
Event: 1.803 Thread 0x00007ffa50806800 Exception <a 'java/lang/NoSuchMethodError'{0x000000074746de20}: java.lang.invoke.DirectMethodHandle$Holder.invokeInterface(Ljava/lang/Object;Ljava/lang/Object;Ljava/lang/Object;)V> (0x000000074746de20) thrown at [/scratch/mesos/slaves/555f5737-a945-4eb0-8

Events (10 events):
Event: 4650.119 Executing VM operation: ChangeBreakpoints done
Event: 4650.120 Executing VM operation: ChangeBreakpoints
Event: 4650.121 Executing VM operation: ChangeBreakpoints done
Event: 4650.128 Executing VM operation: GetFrameCount
Event: 4650.128 Executing VM operation: GetFrameCount done
Event: 4650.128 Executing VM operation: GetFrameLocation
Event: 4650.128 Executing VM operation: GetFrameLocation done
Event: 4650.128 Executing VM operation: GetFrameLocation
Event: 4650.128 Executing VM operation: GetFrameLocation done
Event: 4650.128 Executing VM operation: GetOrSetLocal


Dynamic libraries:
0x00007fff35871000 	/System/Library/Frameworks/Cocoa.framework/Versions/A/Cocoa
0x00007fff41e7e000 	/System/Library/Frameworks/Security.framework/Versions/A/Security
0x00007fff344b4000 	/System/Library/Frameworks/ApplicationServices.framework/Versions/A/ApplicationServices
0x00007fff5dca3000 	/usr/lib/libz.1.dylib
0x00007fff5bbd5000 	/usr/lib/libSystem.B.dylib
0x00007fff36028000 	/System/Library/Frameworks/CoreFoundation.framework/Versions/A/CoreFoundation
0x00007fff38189000 	/System/Library/Frameworks/Foundation.framework/Versions/C/Foundation
0x00007fff5d28d000 	/usr/lib/libobjc.A.dylib
0x00007fff33604000 	/System/Library/Frameworks/AppKit.framework/Versions/C/AppKit
0x00007fff35be9000 	/System/Library/Frameworks/CoreData.framework/Versions/A/CoreData
0x00007fff5551f000 	/System/Library/PrivateFrameworks/RemoteViewServices.framework/Versions/A/RemoteViewServices
0x00007fff59c7a000 	/System/Library/PrivateFrameworks/UIFoundation.framework/Versions/A/UIFoundation
0x00007fff4a334000 	/System/Library/PrivateFrameworks/DFRFoundation.framework/Versions/A/DFRFoundation
0x00007fff3a7f3000 	/System/Library/Frameworks/Metal.framework/Versions/A/Metal
0x00007fff4a4d1000 	/System/Library/PrivateFrameworks/DesktopServicesPriv.framework/Versions/A/DesktopServicesPriv
0x00007fff5c7db000 	/usr/lib/libenergytrace.dylib
0x00007fff57ce6000 	/System/Library/PrivateFrameworks/SkyLight.framework/Versions/A/SkyLight
0x00007fff364cb000 	/System/Library/Frameworks/CoreGraphics.framework/Versions/A/CoreGraphics
0x00007fff5bbd0000 	/usr/lib/libScreenReader.dylib
0x00007fff3259f000 	/System/Library/Frameworks/Accelerate.framework/Versions/A/Accelerate
0x00007fff38902000 	/System/Library/Frameworks/IOSurface.framework/Versions/A/IOSurface
0x00007fff349fe000 	/System/Library/Frameworks/AudioToolbox.framework/Versions/A/AudioToolbox
0x00007fff34c8d000 	/System/Library/Frameworks/AudioUnit.framework/Versions/A/AudioUnit
0x00007fff4a3cc000 	/System/Library/PrivateFrameworks/DataDetectorsCore.framework/Versions/A/DataDetectorsCore
0x00007fff35364000 	/System/Library/Frameworks/Carbon.framework/Versions/A/Frameworks/HIToolbox.framework/Versions/A/HIToolbox
0x00007fff5c935000 	/usr/lib/libicucore.A.dylib
0x00007fff413fe000 	/System/Library/Frameworks/QuartzCore.framework/Versions/A/QuartzCore
0x00007fff56f9c000 	/System/Library/PrivateFrameworks/SignpostNotification.framework/Versions/A/SignpostNotification
0x00007fff3574a000 	/System/Library/Frameworks/Carbon.framework/Versions/A/Frameworks/SpeechRecognition.framework/Versions/A/SpeechRecognition
0x00007fff5bd31000 	/usr/lib/libauto.dylib
0x00007fff5db92000 	/usr/lib/libxml2.2.dylib
0x00007fff49f85000 	/System/Library/PrivateFrameworks/CoreUI.framework/Versions/A/CoreUI
0x00007fff35ac5000 	/System/Library/Frameworks/CoreAudio.framework/Versions/A/CoreAudio
0x00007fff37fc3000 	/System/Library/Frameworks/DiskArbitration.framework/Versions/A/DiskArbitration
0x00007fff5cba9000 	/usr/lib/liblangid.dylib
0x00007fff51a28000 	/System/Library/PrivateFrameworks/MultitouchSupport.framework/Versions/A/MultitouchSupport
0x00007fff38865000 	/System/Library/Frameworks/IOKit.framework/Versions/A/IOKit
0x00007fff5b85f000 	/usr/lib/libDiagnosticMessagesClient.dylib
0x00007fff371a1000 	/System/Library/Frameworks/CoreServices.framework/Versions/A/CoreServices
0x00007fff53558000 	/System/Library/PrivateFrameworks/PerformanceAnalysis.framework/Versions/A/PerformanceAnalysis
0x00007fff405a0000 	/System/Library/Frameworks/OpenGL.framework/Versions/A/OpenGL
0x00007fff3587f000 	/System/Library/Frameworks/ColorSync.framework/Versions/A/ColorSync
0x00007fff36add000 	/System/Library/Frameworks/CoreImage.framework/Versions/A/CoreImage
0x00007fff37b31000 	/System/Library/Frameworks/CoreText.framework/Versions/A/CoreText
0x00007fff38960000 	/System/Library/Frameworks/ImageIO.framework/Versions/A/ImageIO
0x00007fff46c83000 	/System/Library/PrivateFrameworks/Backup.framework/Versions/A/Backup
0x00007fff5bc81000 	/usr/lib/libarchive.2.dylib
0x00007fff34fb0000 	/System/Library/Frameworks/CFNetwork.framework/Versions/A/CFNetwork
0x00007fff4260f000 	/System/Library/Frameworks/SystemConfiguration.framework/Versions/A/SystemConfiguration
0x00007fff5b788000 	/usr/lib/libCRFSuite.dylib
0x00007fff5be0a000 	/usr/lib/libc++.1.dylib
0x00007fff5be61000 	/usr/lib/libc++abi.dylib
0x00007fff5dd51000 	/usr/lib/system/libcache.dylib
0x00007fff5dd56000 	/usr/lib/system/libcommonCrypto.dylib
0x00007fff5dd61000 	/usr/lib/system/libcompiler_rt.dylib
0x00007fff5dd69000 	/usr/lib/system/libcopyfile.dylib
0x00007fff5dd73000 	/usr/lib/system/libcorecrypto.dylib
0x00007fff5de80000 	/usr/lib/system/libdispatch.dylib
0x00007fff5deba000 	/usr/lib/system/libdyld.dylib
0x00007fff5ded8000 	/usr/lib/system/libkeymgr.dylib
0x00007fff5dee6000 	/usr/lib/system/liblaunch.dylib
0x00007fff5dee7000 	/usr/lib/system/libmacho.dylib
0x00007fff5deec000 	/usr/lib/system/libquarantine.dylib
0x00007fff5deef000 	/usr/lib/system/libremovefile.dylib
0x00007fff5def1000 	/usr/lib/system/libsystem_asl.dylib
0x00007fff5df09000 	/usr/lib/system/libsystem_blocks.dylib
0x00007fff5df0a000 	/usr/lib/system/libsystem_c.dylib
0x00007fff5df94000 	/usr/lib/system/libsystem_configuration.dylib
0x00007fff5df98000 	/usr/lib/system/libsystem_coreservices.dylib
0x00007fff5df9c000 	/usr/lib/system/libsystem_darwin.dylib
0x00007fff5df9e000 	/usr/lib/system/libsystem_dnssd.dylib
0x00007fff5dfa5000 	/usr/lib/system/libsystem_info.dylib
0x00007fff5e016000 	/usr/lib/system/libsystem_m.dylib
0x00007fff5e062000 	/usr/lib/system/libsystem_malloc.dylib
0x00007fff5e082000 	/usr/lib/system/libsystem_network.dylib
0x00007fff5e1b3000 	/usr/lib/system/libsystem_networkextension.dylib
0x00007fff5e1be000 	/usr/lib/system/libsystem_notify.dylib
0x00007fff5e1dc000 	/usr/lib/system/libsystem_sandbox.dylib
0x00007fff5e1e0000 	/usr/lib/system/libsystem_secinit.dylib
0x00007fff5dfef000 	/usr/lib/system/libsystem_kernel.dylib
0x00007fff5e1c8000 	/usr/lib/system/libsystem_platform.dylib
0x00007fff5e1d0000 	/usr/lib/system/libsystem_pthread.dylib
0x00007fff5e1e2000 	/usr/lib/system/libsystem_symptoms.dylib
0x00007fff5e1ea000 	/usr/lib/system/libsystem_trace.dylib
0x00007fff5e1ff000 	/usr/lib/system/libunwind.dylib
0x00007fff5e205000 	/usr/lib/system/libxpc.dylib
0x00007fff5b69b000 	/usr/lib/closure/libclosured.dylib
0x00007fff5bdeb000 	/usr/lib/libbsm.0.dylib
0x00007fff5ded9000 	/usr/lib/system/libkxld.dylib
0x00007fff5ba99000 	/usr/lib/libOpenScriptingUtil.dylib
0x00007fff5c15a000 	/usr/lib/libcoretls.dylib
0x00007fff5c173000 	/usr/lib/libcoretls_cfhelpers.dylib
0x00007fff5d68e000 	/usr/lib/libpam.2.dylib
0x00007fff5d7b5000 	/usr/lib/libsqlite3.dylib
0x00007fff5db81000 	/usr/lib/libxar.1.dylib
0x00007fff5bdfc000 	/usr/lib/libbz2.1.0.dylib
0x00007fff5cbab000 	/usr/lib/liblzma.5.dylib
0x00007fff5d08c000 	/usr/lib/libnetwork.dylib
0x00007fff5bc6a000 	/usr/lib/libapple_nghttp2.dylib
0x00007fff5d695000 	/usr/lib/libpcap.A.dylib
0x00007fff5bd32000 	/usr/lib/libboringssl.dylib
0x00007fff5db1c000 	/usr/lib/libusrtcp.dylib
0x00007fff5bc69000 	/usr/lib/libapple_crypto.dylib
0x00007fff37524000 	/System/Library/Frameworks/CoreServices.framework/Versions/A/Frameworks/FSEvents.framework/Versions/A/FSEvents
0x00007fff37217000 	/System/Library/Frameworks/CoreServices.framework/Versions/A/Frameworks/CarbonCore.framework/Versions/A/CarbonCore
0x00007fff376eb000 	/System/Library/Frameworks/CoreServices.framework/Versions/A/Frameworks/Metadata.framework/Versions/A/Metadata
0x00007fff3779c000 	/System/Library/Frameworks/CoreServices.framework/Versions/A/Frameworks/OSServices.framework/Versions/A/OSServices
0x00007fff377fd000 	/System/Library/Frameworks/CoreServices.framework/Versions/A/Frameworks/SearchKit.framework/Versions/A/SearchKit
0x00007fff371a2000 	/System/Library/Frameworks/CoreServices.framework/Versions/A/Frameworks/AE.framework/Versions/A/AE
0x00007fff3752d000 	/System/Library/Frameworks/CoreServices.framework/Versions/A/Frameworks/LaunchServices.framework/Versions/A/LaunchServices
0x00007fff374ef000 	/System/Library/Frameworks/CoreServices.framework/Versions/A/Frameworks/DictionaryServices.framework/Versions/A/DictionaryServices
0x00007fff3786c000 	/System/Library/Frameworks/CoreServices.framework/Versions/A/Frameworks/SharedFileList.framework/Versions/A/SharedFileList
0x00007fff3ba29000 	/System/Library/Frameworks/NetFS.framework/Versions/A/NetFS
0x00007fff51cb9000 	/System/Library/PrivateFrameworks/NetAuth.framework/Versions/A/NetAuth
0x00007fff5b532000 	/System/Library/PrivateFrameworks/login.framework/Versions/A/Frameworks/loginsupport.framework/Versions/A/loginsupport
0x00007fff598f7000 	/System/Library/PrivateFrameworks/TCC.framework/Versions/A/TCC
0x00007fff5cc8c000 	/usr/lib/libmecabra.dylib
0x00007fff344b5000 	/System/Library/Frameworks/ApplicationServices.framework/Versions/A/Frameworks/ATS.framework/Versions/A/ATS
0x00007fff34863000 	/System/Library/Frameworks/ApplicationServices.framework/Versions/A/Frameworks/ColorSyncLegacy.framework/Versions/A/ColorSyncLegacy
0x00007fff34907000 	/System/Library/Frameworks/ApplicationServices.framework/Versions/A/Frameworks/HIServices.framework/Versions/A/HIServices
0x00007fff3495a000 	/System/Library/Frameworks/ApplicationServices.framework/Versions/A/Frameworks/LangAnalysis.framework/Versions/A/LangAnalysis
0x00007fff34969000 	/System/Library/Frameworks/ApplicationServices.framework/Versions/A/Frameworks/PrintCore.framework/Versions/A/PrintCore
0x00007fff349b6000 	/System/Library/Frameworks/ApplicationServices.framework/Versions/A/Frameworks/QD.framework/Versions/A/QD
0x00007fff349f1000 	/System/Library/Frameworks/ApplicationServices.framework/Versions/A/Frameworks/SpeechSynthesis.framework/Versions/A/SpeechSynthesis
0x00007fff35f40000 	/System/Library/Frameworks/CoreDisplay.framework/Versions/A/CoreDisplay
0x00007fff325b7000 	/System/Library/Frameworks/Accelerate.framework/Versions/A/Frameworks/vImage.framework/Versions/A/vImage
0x00007fff33311000 	/System/Library/Frameworks/Accelerate.framework/Versions/A/Frameworks/vecLib.framework/Versions/A/vecLib
0x00007fff330b1000 	/System/Library/Frameworks/Accelerate.framework/Versions/A/Frameworks/vecLib.framework/Versions/A/libvDSP.dylib
0x00007fff32c11000 	/System/Library/Frameworks/Accelerate.framework/Versions/A/Frameworks/vecLib.framework/Versions/A/libBNNS.dylib
0x00007fff33016000 	/System/Library/Frameworks/Accelerate.framework/Versions/A/Frameworks/vecLib.framework/Versions/A/libQuadrature.dylib
0x00007fff3325f000 	/System/Library/Frameworks/Accelerate.framework/Versions/A/Frameworks/vecLib.framework/Versions/A/libvMisc.dylib
0x00007fff32c40000 	/System/Library/Frameworks/Accelerate.framework/Versions/A/Frameworks/vecLib.framework/Versions/A/libLAPACK.dylib
0x00007fff32ab6000 	/System/Library/Frameworks/Accelerate.framework/Versions/A/Frameworks/vecLib.framework/Versions/A/libBLAS.dylib
0x00007fff33000000 	/System/Library/Frameworks/Accelerate.framework/Versions/A/Frameworks/vecLib.framework/Versions/A/libLinearAlgebra.dylib
0x00007fff3301c000 	/System/Library/Frameworks/Accelerate.framework/Versions/A/Frameworks/vecLib.framework/Versions/A/libSparse.dylib
0x00007fff3309d000 	/System/Library/Frameworks/Accelerate.framework/Versions/A/Frameworks/vecLib.framework/Versions/A/libSparseBLAS.dylib
0x00007fff4eb0e000 	/System/Library/PrivateFrameworks/GPUWrangler.framework/Versions/A/GPUWrangler
0x00007fff5029e000 	/System/Library/PrivateFrameworks/IOAccelerator.framework/Versions/A/IOAccelerator
0x00007fff502a9000 	/System/Library/PrivateFrameworks/IOPresentment.framework/Versions/A/IOPresentment
0x00007fff4a346000 	/System/Library/PrivateFrameworks/DSExternalDisplay.framework/Versions/A/DSExternalDisplay
0x00007fff3fa20000 	/System/Library/Frameworks/OpenGL.framework/Versions/A/Libraries/libCoreFSCache.dylib
0x00007fff37c82000 	/System/Library/Frameworks/CoreVideo.framework/Versions/A/CoreVideo
0x00007fff4f889000 	/System/Library/PrivateFrameworks/GraphVisualizer.framework/Versions/A/GraphVisualizer
0x00007fff3aa2a000 	/System/Library/Frameworks/MetalPerformanceShaders.framework/Versions/A/MetalPerformanceShaders
0x00007fff5b897000 	/usr/lib/libFosl_dynamic.dylib
0x00007fff4b418000 	/System/Library/PrivateFrameworks/FaceCore.framework/Versions/A/FaceCore
0x00007fff3e827000 	/System/Library/Frameworks/OpenCL.framework/Versions/A/OpenCL
0x00007fff5be98000 	/usr/lib/libcompression.dylib
0x00007fff345b4000 	/System/Library/Frameworks/ApplicationServices.framework/Versions/A/Frameworks/ATS.framework/Versions/A/Resources/libFontParser.dylib
0x00007fff346d7000 	/System/Library/Frameworks/ApplicationServices.framework/Versions/A/Frameworks/ATS.framework/Versions/A/Resources/libFontRegistry.dylib
0x00007fff38bc8000 	/System/Library/Frameworks/ImageIO.framework/Versions/A/Resources/libJPEG.dylib
0x00007fff38ef1000 	/System/Library/Frameworks/ImageIO.framework/Versions/A/Resources/libTIFF.dylib
0x00007fff38ec7000 	/System/Library/Frameworks/ImageIO.framework/Versions/A/Resources/libPng.dylib
0x00007fff38adb000 	/System/Library/Frameworks/ImageIO.framework/Versions/A/Resources/libGIF.dylib
0x00007fff38ae0000 	/System/Library/Frameworks/ImageIO.framework/Versions/A/Resources/libJP2.dylib
0x00007fff38eee000 	/System/Library/Frameworks/ImageIO.framework/Versions/A/Resources/libRadiance.dylib
0x00007fff463ae000 	/System/Library/PrivateFrameworks/AppleJPEG.framework/Versions/A/AppleJPEG
0x00007fff3a891000 	/System/Library/Frameworks/MetalPerformanceShaders.framework/Frameworks/MPSCore.framework/Versions/A/MPSCore
0x00007fff3a8ad000 	/System/Library/Frameworks/MetalPerformanceShaders.framework/Frameworks/MPSImage.framework/Versions/A/MPSImage
0x00007fff3a942000 	/System/Library/Frameworks/MetalPerformanceShaders.framework/Frameworks/MPSNeuralNetwork.framework/Versions/A/MPSNeuralNetwork
0x00007fff3a91d000 	/System/Library/Frameworks/MetalPerformanceShaders.framework/Frameworks/MPSMatrix.framework/Versions/A/MPSMatrix
0x00007fff5179e000 	/System/Library/PrivateFrameworks/MetalTools.framework/Versions/A/MetalTools
0x00007fff3fbea000 	/System/Library/Frameworks/OpenGL.framework/Versions/A/Libraries/libGLU.dylib
0x00007fff3fa2b000 	/System/Library/Frameworks/OpenGL.framework/Versions/A/Libraries/libGFXShared.dylib
0x00007fff3fa35000 	/System/Library/Frameworks/OpenGL.framework/Versions/A/Libraries/libGL.dylib
0x00007fff3fa41000 	/System/Library/Frameworks/OpenGL.framework/Versions/A/Libraries/libGLImage.dylib
0x00007fff3fa1d000 	/System/Library/Frameworks/OpenGL.framework/Versions/A/Libraries/libCVMSPluginSupport.dylib
0x00007fff3fa26000 	/System/Library/Frameworks/OpenGL.framework/Versions/A/Libraries/libCoreVMClient.dylib
0x00007fff5c645000 	/usr/lib/libcups.2.dylib
0x00007fff39df9000 	/System/Library/Frameworks/Kerberos.framework/Versions/A/Kerberos
0x00007fff385bf000 	/System/Library/Frameworks/GSS.framework/Versions/A/GSS
0x00007fff5d748000 	/usr/lib/libresolv.9.dylib
0x00007fff5c843000 	/usr/lib/libiconv.2.dylib
0x00007fff4f91b000 	/System/Library/PrivateFrameworks/Heimdal.framework/Versions/A/Heimdal
0x00007fff5c812000 	/usr/lib/libheimdal-asn1.dylib
0x00007fff3e893000 	/System/Library/Frameworks/OpenDirectory.framework/Versions/A/OpenDirectory
0x00007fff486c0000 	/System/Library/PrivateFrameworks/CommonAuth.framework/Versions/A/CommonAuth
0x00007fff3e876000 	/System/Library/Frameworks/OpenDirectory.framework/Versions/A/Frameworks/CFOpenDirectory.framework/Versions/A/CFOpenDirectory
0x00007fff421a8000 	/System/Library/Frameworks/SecurityFoundation.framework/Versions/A/SecurityFoundation
0x00007fff4557a000 	/System/Library/PrivateFrameworks/APFS.framework/Versions/A/APFS
0x00007fff5db7d000 	/usr/lib/libutil.dylib
0x00007fff46431000 	/System/Library/PrivateFrameworks/AppleSauce.framework/Versions/A/AppleSauce
0x00007fff50a86000 	/System/Library/PrivateFrameworks/LinguisticData.framework/Versions/A/LinguisticData
0x00007fff5cbc5000 	/usr/lib/libmarisa.dylib
0x00007fff50a40000 	/System/Library/PrivateFrameworks/Lexicon.framework/Versions/A/Lexicon
0x00007fff5b7c2000 	/usr/lib/libChineseTokenizer.dylib
0x00007fff5be87000 	/usr/lib/libcmph.dylib
0x00007fff5094a000 	/System/Library/PrivateFrameworks/LanguageModeling.framework/Versions/A/LanguageModeling
0x00007fff491cc000 	/System/Library/PrivateFrameworks/CoreEmoji.framework/Versions/A/CoreEmoji
0x00007fff42266000 	/System/Library/Frameworks/ServiceManagement.framework/Versions/A/ServiceManagement
0x00007fff46c7b000 	/System/Library/PrivateFrameworks/BackgroundTaskManagement.framework/Versions/A/BackgroundTaskManagement
0x00007fff5dc7a000 	/usr/lib/libxslt.1.dylib
0x00007fff35674000 	/System/Library/Frameworks/Carbon.framework/Versions/A/Frameworks/Ink.framework/Versions/A/Ink
0x00007fff59b0c000 	/System/Library/PrivateFrameworks/TextureIO.framework/Versions/A/TextureIO
0x00007fff5bcac000 	/usr/lib/libate.dylib
0x00007fff4a2a6000 	/System/Library/PrivateFrameworks/CrashReporterSupport.framework/Versions/A/CrashReporterSupport
0x00007fff56e5e000 	/System/Library/PrivateFrameworks/Sharing.framework/Versions/A/Sharing
0x00007fff5068b000 	/System/Library/PrivateFrameworks/IconServices.framework/Versions/A/IconServices
0x00007fff46233000 	/System/Library/PrivateFrameworks/Apple80211.framework/Versions/A/Apple80211
0x00007fff4a0bb000 	/System/Library/PrivateFrameworks/CoreUtils.framework/Versions/A/CoreUtils
0x00007fff37cbd000 	/System/Library/Frameworks/CoreWLAN.framework/Versions/A/CoreWLAN
0x00007fff38701000 	/System/Library/Frameworks/IOBluetooth.framework/Versions/A/IOBluetooth
0x00007fff55326000 	/System/Library/PrivateFrameworks/ProtocolBuffer.framework/Versions/A/ProtocolBuffer
0x00007fff4a241000 	/System/Library/PrivateFrameworks/CoreWiFi.framework/Versions/A/CoreWiFi
0x00007fff35bbf000 	/System/Library/Frameworks/CoreBluetooth.framework/Versions/A/CoreBluetooth
0x00007fff4a490000 	/System/Library/PrivateFrameworks/DebugSymbols.framework/Versions/A/DebugSymbols
0x00007fff49e71000 	/System/Library/PrivateFrameworks/CoreSymbolication.framework/Versions/A/CoreSymbolication
0x00007fff592fd000 	/System/Library/PrivateFrameworks/Symbolication.framework/Versions/A/Symbolication
0x00007fff4625d000 	/System/Library/PrivateFrameworks/AppleFSCompression.framework/Versions/A/AppleFSCompression
0x00007fff5874b000 	/System/Library/PrivateFrameworks/SpeechRecognitionCore.framework/Versions/A/SpeechRecognitionCore
0x00000001024b9000 	/Library/Java/JavaVirtualMachines/jdk-10.0.1.jdk/Contents/Home/lib/server/libjvm.dylib
0x00007fff5da4a000 	/usr/lib/libstdc++.6.0.9.dylib
0x000000010335b000 	/Library/Java/JavaVirtualMachines/jdk-10.0.1.jdk/Contents/Home/lib/libverify.dylib
0x0000000103368000 	/Library/Java/JavaVirtualMachines/jdk-10.0.1.jdk/Contents/Home/lib/libjava.dylib
0x000000010339f000 	/Library/Java/JavaVirtualMachines/jdk-10.0.1.jdk/Contents/Home/lib/libjdwp.dylib
0x00000001033dc000 	/Library/Java/JavaVirtualMachines/jdk-10.0.1.jdk/Contents/Home/lib/libinstrument.dylib
0x0000000103c71000 	/Library/Java/JavaVirtualMachines/jdk-10.0.1.jdk/Contents/Home/lib/libzip.dylib
0x0000000103c79000 	/Library/Java/JavaVirtualMachines/jdk-10.0.1.jdk/Contents/Home/lib/libjimage.dylib
0x0000000111078000 	/Library/Java/JavaVirtualMachines/jdk-10.0.1.jdk/Contents/Home/lib/libdt_socket.dylib
0x000000011107e000 	/Library/Java/JavaVirtualMachines/jdk-10.0.1.jdk/Contents/Home/lib/libnio.dylib
0x000000011108e000 	/Library/Java/JavaVirtualMachines/jdk-10.0.1.jdk/Contents/Home/lib/./libnet.dylib


VM Arguments:
jvm_args: -agentlib:jdwp=transport=dt_socket,address=127.0.0.1:62351,suspend=y,server=n -ea -Didea.test.cyclic.buffer.size=1048576 -javaagent:/Users/amycohen/Library/Caches/IdeaIC2018.1/captureAgent/debugger-agent.jar=file:/private/var/folders/9_/tvwv_dg11k54h93pwxlbk1fm0000gn/T/capture.props -Dfile.encoding=UTF-8 
java_command: com.intellij.rt.execution.junit.JUnitStarter -ideVersion5 -junit5 ReverseArrayTest,reverseArrayTest
java_class_path (initial): /Applications/IntelliJ IDEA CE.app/Contents/lib/idea_rt.jar:/Applications/IntelliJ IDEA CE.app/Contents/plugins/junit/lib/junit-rt.jar:/Applications/IntelliJ IDEA CE.app/Contents/plugins/junit/lib/junit5-rt.jar:/Users/amycohen/.m2/repository/org/junit/platform/junit-platform-launcher/1.0.0/junit-platform-launcher-1.0.0.jar:/Users/amycohen/.m2/repository/org/apiguardian/apiguardian-api/1.0.0/apiguardian-api-1.0.0.jar:/Users/amycohen/.m2/repository/org/junit/platform/junit-platform-engine/1.0.0/junit-platform-engine-1.0.0.jar:/Users/amycohen/.m2/repository/org/junit/platform/junit-platform-commons/1.0.0/junit-platform-commons-1.0.0.jar:/Users/amycohen/.m2/repository/org/opentest4j/opentest4j/1.0.0/opentest4j-1.0.0.jar:/Users/amycohen/.m2/repository/org/junit/jupiter/junit-jupiter-engine/5.0.0/junit-jupiter-engine-5.0.0.jar:/Users/amycohen/.m2/repository/org/junit/jupiter/junit-jupiter-api/5.0.0/junit-jupiter-api-5.0.0.jar:/Users/amycohen/codefellows/401/whiteboard/data-structures-and-algorithms/reverse-array/out/production/reverse-array
Launcher Type: SUN_STANDARD

Logging:
Log output configuration:
#0: stdout all=warning uptime,level,tags
#1: stderr all=off uptime,level,tags

Environment Variables:
PATH=/usr/local/bin:/usr/bin:/bin:/usr/sbin:/sbin
SHELL=/bin/bash

Signal Handlers:
SIGSEGV: [libjvm.dylib+0x79ac14], sa_mask[0]=11111111011111110111111111111111, sa_flags=SA_ONSTACK|SA_RESTART|SA_SIGINFO
SIGBUS: [libjvm.dylib+0x79ac14], sa_mask[0]=11111111011111110111111111111111, sa_flags=SA_RESTART|SA_SIGINFO
SIGFPE: [libjvm.dylib+0x79ac14], sa_mask[0]=11111111011111110111111111111111, sa_flags=SA_RESTART|SA_SIGINFO
SIGPIPE: [libjvm.dylib+0x635960], sa_mask[0]=11111111011111110111111111111111, sa_flags=SA_RESTART|SA_SIGINFO
SIGXFSZ: [libjvm.dylib+0x635960], sa_mask[0]=11111111011111110111111111111111, sa_flags=SA_RESTART|SA_SIGINFO
SIGILL: [libjvm.dylib+0x79ac14], sa_mask[0]=11111111011111110111111111111111, sa_flags=SA_RESTART|SA_SIGINFO
SIGUSR2: [libjvm.dylib+0x6361f0], sa_mask[0]=00100000000000000000000000000000, sa_flags=SA_RESTART|SA_SIGINFO
SIGHUP: [libjvm.dylib+0x6349db], sa_mask[0]=11111111011111110111111111111111, sa_flags=SA_RESTART|SA_SIGINFO
SIGINT: [libjvm.dylib+0x6349db], sa_mask[0]=11111111011111110111111111111111, sa_flags=SA_RESTART|SA_SIGINFO
SIGTERM: [libjvm.dylib+0x6349db], sa_mask[0]=11111111011111110111111111111111, sa_flags=SA_RESTART|SA_SIGINFO
SIGQUIT: [libjvm.dylib+0x6349db], sa_mask[0]=11111111011111110111111111111111, sa_flags=SA_RESTART|SA_SIGINFO


---------------  S Y S T E M  ---------------

OS:uname:Darwin 17.6.0 Darwin Kernel Version 17.6.0: Tue May  8 15:22:16 PDT 2018; root:xnu-4570.61.1~1/RELEASE_X86_64 x86_64
rlimit: STACK 8192k, CORE 0k, NPROC 709, NOFILE 10240, AS infinity, DATA infinity, FSIZE infinity
load average:6.37 4.65 3.67

CPU:total 4 (initial active 4) (2 cores per cpu, 2 threads per core) family 6 model 142 stepping 9, cmov, cx8, fxsr, mmx, sse, sse2, sse3, ssse3, sse4.1, sse4.2, popcnt, avx, avx2, aes, clmul, erms, 3dnowpref, lzcnt, ht, tsc, tscinvbit, bmi1, bmi2, adx, fma

Memory: 4k page, physical 8388608k(87636k free)

vm_info: Java HotSpot(TM) 64-Bit Server VM (10.0.1+10) for bsd-amd64 JRE (10.0.1+10), built on Mar 27 2018 01:13:17 by "mach5one" with gcc 4.2.1 Compatible Apple LLVM 6.1.0 (clang-602.0.49)

END.
